<?xml version="1.0" encoding="UTF-8"?>
<testsuite name="Tests" tests="5" skipped="0" failures="0" errors="0" timestamp="2025-11-05T13:46:37" hostname="DESKTOP-T6BLNLD" time="0.038">
  <properties/>
  <testcase name="[1] [2001], [RECALL]" classname="Tests" time="0.025"/>
  <testcase name="[2] [2004], [RECALL]" classname="Tests" time="0.002"/>
  <testcase name="[3] [2017], [RECALL]" classname="Tests" time="0.002"/>
  <testcase name="[4] [2023], [NOT RECALL]" classname="Tests" time="0.001"/>
  <testcase name="[5] [2000], [NOT RECALL]" classname="Tests" time="0.001"/>
  <system-out><![CDATA[]]></system-out>
  <system-err><![CDATA[]]></system-err>
</testsuite>
