<?xml version="1.0" encoding="UTF-8"?>
<testsuite name="Tests" tests="4" skipped="0" failures="0" errors="0" timestamp="2025-11-05T15:20:19" hostname="DESKTOP-T6BLNLD" time="0.038">
  <properties/>
  <testcase name="[1] 1, [2, 3, 4]" classname="Tests" time="0.029"/>
  <testcase name="[2] 10, [11, 12, 13]" classname="Tests" time="0.002"/>
  <testcase name="[3] -8, [-7, -6, -5]" classname="Tests" time="0.001"/>
  <testcase name="[4] 120, [121, 122, 123]" classname="Tests" time="0.001"/>
  <system-out><![CDATA[]]></system-out>
  <system-err><![CDATA[]]></system-err>
</testsuite>
