<?xml version="1.0" encoding="UTF-8"?>
<testsuite name="Tests" tests="3" skipped="0" failures="0" errors="0" timestamp="2025-11-05T15:43:30" hostname="DESKTOP-T6BLNLD" time="0.033">
  <properties/>
  <testcase name="[1] java, avaj" classname="Tests" time="0.027"/>
  <testcase name="[2] Hello, olleH" classname="Tests" time="0.002"/>
  <testcase name="[3] I Love Java, avaJ evoL I" classname="Tests" time="0.001"/>
  <system-out><![CDATA[]]></system-out>
  <system-err><![CDATA[]]></system-err>
</testsuite>
