<?xml version="1.0" encoding="UTF-8"?>
<testsuite name="Tests" tests="6" skipped="0" failures="0" errors="0" timestamp="2025-11-05T16:04:33" hostname="DESKTOP-T6BLNLD" time="0.038">
  <properties/>
  <testcase name="[1] [1, 2, 3, 5], 0, 5, true" classname="Tests" time="0.025"/>
  <testcase name="[2] [1, nanuk, 3, 5], 0, 5, false" classname="Tests" time="0.001"/>
  <testcase name="[3] [1, 3], 0, 5, false" classname="Tests" time="0.001"/>
  <testcase name="[4] [1, 10, 3, nanuk], 2, 7, true" classname="Tests" time="0.002"/>
  <testcase name="[5] [1, 10, 3, nanuk, nanuk], 2, 7, true" classname="Tests" time="0.001"/>
  <testcase name="[6] [1, 10, 3, nanuk, nanuk, nanuk], 2, 7, false" classname="Tests" time="0.001"/>
  <system-out><![CDATA[]]></system-out>
  <system-err><![CDATA[]]></system-err>
</testsuite>
