<?xml version="1.0" encoding="UTF-8"?>
<testsuite name="Tests" tests="4" skipped="0" failures="0" errors="0" timestamp="2025-11-05T13:38:27" hostname="DESKTOP-T6BLNLD" time="0.104">
  <properties/>
  <testcase name="[1] [50.0, 5], [2.5, 47.5]" classname="Tests" time="0.028"/>
  <testcase name="[2] [50, 10], [5.0, 45.0]" classname="Tests" time="0.002"/>
  <testcase name="[3] [100, 20], [20.0, 80.0]" classname="Tests" time="0.001"/>
  <testcase name="[4] [75, 15], [11.25, 63.75]" classname="Tests" time="0.012"/>
  <system-out><![CDATA[]]></system-out>
  <system-err><![CDATA[]]></system-err>
</testsuite>
