<?xml version="1.0" encoding="UTF-8"?>
<testsuite name="Tests" tests="3" skipped="0" failures="0" errors="0" timestamp="2025-11-05T15:46:27" hostname="DESKTOP-T6BLNLD" time="0.034">
  <properties/>
  <testcase name="[1] aaabbcccc, 3a2b4c" classname="Tests" time="0.029"/>
  <testcase name="[2] appleeess, 1a2p1l3e2s" classname="Tests" time="0.001"/>
  <testcase name="[3] mississippi, 1m4i4s2p" classname="Tests" time="0.0"/>
  <system-out><![CDATA[]]></system-out>
  <system-err><![CDATA[]]></system-err>
</testsuite>
