<?xml version="1.0" encoding="UTF-8"?>
<testsuite name="Tests" tests="3" skipped="0" failures="0" errors="0" timestamp="2025-11-05T15:58:49" hostname="DESKTOP-T6BLNLD" time="0.042">
  <properties/>
  <testcase name="[1] aa2aa3, 23" classname="Tests" time="0.037"/>
  <testcase name="[2] aa!!%$#.10aa, 10" classname="Tests" time="0.001"/>
  <testcase name="[3] ja2va9i1sthe4be10st, 291410" classname="Tests" time="0.001"/>
  <system-out><![CDATA[]]></system-out>
  <system-err><![CDATA[]]></system-err>
</testsuite>
