<?xml version="1.0" encoding="UTF-8"?>
<testsuite name="Tests" tests="4" skipped="0" failures="0" errors="0" timestamp="2025-11-05T15:42:06" hostname="DESKTOP-T6BLNLD" time="0.031">
  <properties/>
  <testcase name="[1] CADEN ARROYO, Caden Arroyo" classname="Tests" time="0.024"/>
  <testcase name="[2] zOIe nelSON, Zoie Nelson" classname="Tests" time="0.001"/>
  <testcase name="[3] Mara Blair, Mara Blair" classname="Tests" time="0.0"/>
  <testcase name="[4] jaX wOLF, Jax Wolf" classname="Tests" time="0.0"/>
  <system-out><![CDATA[]]></system-out>
  <system-err><![CDATA[]]></system-err>
</testsuite>
