<?xml version="1.0" encoding="UTF-8"?>
<testsuite name="Tests" tests="5" skipped="0" failures="0" errors="0" timestamp="2025-11-05T15:19:55" hostname="DESKTOP-T6BLNLD" time="0.036">
  <properties/>
  <testcase name="[1] 5, [positive]" classname="Tests" time="0.025"/>
  <testcase name="[2] -30, [negative]" classname="Tests" time="0.001"/>
  <testcase name="[3] 0, [zero]" classname="Tests" time="0.001"/>
  <testcase name="[4] -8, [negative]" classname="Tests" time="0.0"/>
  <testcase name="[5] 17, [positive]" classname="Tests" time="0.0"/>
  <system-out><![CDATA[]]></system-out>
  <system-err><![CDATA[]]></system-err>
</testsuite>
