<?xml version="1.0" encoding="UTF-8"?>
<testsuite name="Tests" tests="5" skipped="0" failures="0" errors="0" timestamp="2025-11-05T13:47:40" hostname="DESKTOP-T6BLNLD" time="0.034">
  <properties/>
  <testcase name="[1] [95], [A]" classname="Tests" time="0.023"/>
  <testcase name="[2] [83], [B]" classname="Tests" time="0.002"/>
  <testcase name="[3] [71], [C]" classname="Tests" time="0.001"/>
  <testcase name="[4] [60], [D]" classname="Tests" time="0.0"/>
  <testcase name="[5] [10], [F]" classname="Tests" time="0.001"/>
  <system-out><![CDATA[]]></system-out>
  <system-err><![CDATA[]]></system-err>
</testsuite>
