<?xml version="1.0" encoding="UTF-8"?>
<testsuite name="Tests" tests="5" skipped="0" failures="0" errors="0" timestamp="2025-11-05T15:47:01" hostname="DESKTOP-T6BLNLD" time="0.037">
  <properties/>
  <testcase name="[1] We study java not python, true" classname="Tests" time="0.024"/>
  <testcase name="[2] What's the difference between java, javascript and python?, false" classname="Tests" time="0.002"/>
  <testcase name="[3] Java is a general-purpose computer-programming language that is concurrent, class-based, object-oriented, and specifically designed to have as few implementation dependencies as possible. Python, on the other hand, is a general-purpose, high-level programming language that emphasizes readability and ease of use, known for its versatility and extensive standard libraries, true" classname="Tests" time="0.001"/>
  <testcase name="[4] java java java, false" classname="Tests" time="0.0"/>
  <testcase name="[5] java python hello python world python, false" classname="Tests" time="0.001"/>
  <system-out><![CDATA[]]></system-out>
  <system-err><![CDATA[]]></system-err>
</testsuite>
