<?xml version="1.0" encoding="UTF-8"?>
<testsuite name="Tests" tests="5" skipped="0" failures="0" errors="0" timestamp="2025-11-05T13:30:41" hostname="DESKTOP-T6BLNLD" time="0.035">
  <properties/>
  <testcase name="[1] [10, 20], [num1 = 20, num2 = 10]" classname="Tests" time="0.028"/>
  <testcase name="[2] [5, 15], [num1 = 15, num2 = 5]" classname="Tests" time="0.001"/>
  <testcase name="[3] [0, 100], [num1 = 100, num2 = 0]" classname="Tests" time="0.001"/>
  <testcase name="[4] [25, 30], [num1 = 30, num2 = 25]" classname="Tests" time="0.0"/>
  <testcase name="[5] [99, 1], [num1 = 1, num2 = 99]" classname="Tests" time="0.001"/>
  <system-out><![CDATA[]]></system-out>
  <system-err><![CDATA[]]></system-err>
</testsuite>
