<?xml version="1.0" encoding="UTF-8"?>
<testsuite name="Tests" tests="3" skipped="0" failures="0" errors="0" timestamp="2025-11-05T13:54:29" hostname="DESKTOP-T6BLNLD" time="0.031">
  <properties/>
  <testcase name="[1] [15], [positive]" classname="Tests" time="0.024"/>
  <testcase name="[2] [-10], [negative]" classname="Tests" time="0.002"/>
  <testcase name="[3] [0], [zero]" classname="Tests" time="0.002"/>
  <system-out><![CDATA[]]></system-out>
  <system-err><![CDATA[]]></system-err>
</testsuite>
