<?xml version="1.0" encoding="UTF-8"?>
<testsuite name="Tests" tests="5" skipped="0" failures="0" errors="0" timestamp="2025-11-05T13:42:19" hostname="DESKTOP-T6BLNLD" time="0.038">
  <properties/>
  <testcase name="[1] [2000], [true]" classname="Tests" time="0.028"/>
  <testcase name="[2] [1900], [false]" classname="Tests" time="0.001"/>
  <testcase name="[3] [2024], [true]" classname="Tests" time="0.001"/>
  <testcase name="[4] [2021], [false]" classname="Tests" time="0.001"/>
  <testcase name="[5] [1600], [true]" classname="Tests" time="0.001"/>
  <system-out><![CDATA[]]></system-out>
  <system-err><![CDATA[]]></system-err>
</testsuite>
