<?xml version="1.0" encoding="UTF-8"?>
<testsuite name="Tests" tests="4" skipped="0" failures="0" errors="0" timestamp="2025-11-05T13:45:48" hostname="DESKTOP-T6BLNLD" time="0.039">
  <properties/>
  <testcase name="[1] [50, 123], [1]" classname="Tests" time="0.027"/>
  <testcase name="[2] [10, 10], [1]" classname="Tests" time="0.002"/>
  <testcase name="[3] [50, 33], [-1]" classname="Tests" time="0.002"/>
  <testcase name="[4] [144, 21], [-1]" classname="Tests" time="0.002"/>
  <system-out><![CDATA[]]></system-out>
  <system-err><![CDATA[]]></system-err>
</testsuite>
