<?xml version="1.0" encoding="UTF-8"?>
<testsuite name="Tests" tests="4" skipped="0" failures="0" errors="0" timestamp="2025-11-05T15:37:42" hostname="DESKTOP-T6BLNLD" time="0.027">
  <properties/>
  <testcase name="testToStringPizza()" classname="Tests" time="0.02"/>
  <testcase name="testCostPerPersonGrilledCheese()" classname="Tests" time="0.002"/>
  <testcase name="testCostPerPersonPizza()" classname="Tests" time="0.001"/>
  <testcase name="testToStringGrilledCheese()" classname="Tests" time="0.001"/>
  <system-out><![CDATA[]]></system-out>
  <system-err><![CDATA[]]></system-err>
</testsuite>
