<?xml version="1.0" encoding="UTF-8"?>
<testsuite name="Tests" tests="11" skipped="0" failures="0" errors="0" timestamp="2025-11-05T15:51:21" hostname="DESKTOP-T6BLNLD" time="0.049">
  <properties/>
  <testcase name="[1] racecar, true" classname="Tests" time="0.027"/>
  <testcase name="[2] anna, true" classname="Tests" time="0.002"/>
  <testcase name="[3] java, false" classname="Tests" time="0.001"/>
  <testcase name="[4] moon, false" classname="Tests" time="0.001"/>
  <testcase name="[5] abcdcba, true" classname="Tests" time="0.001"/>
  <testcase name="[6] abcdecba, false" classname="Tests" time="0.0"/>
  <testcase name="[1] 1001, true" classname="Tests" time="0.002"/>
  <testcase name="[2] 1234, false" classname="Tests" time="0.0"/>
  <testcase name="[3] 12621, true" classname="Tests" time="0.001"/>
  <testcase name="[4] 987591, false" classname="Tests" time="0.001"/>
  <testcase name="[5] 23188132, true" classname="Tests" time="0.0"/>
  <system-out><![CDATA[]]></system-out>
  <system-err><![CDATA[]]></system-err>
</testsuite>
