<?xml version="1.0" encoding="UTF-8"?>
<testsuite name="Tests" tests="4" skipped="0" failures="0" errors="0" timestamp="2025-11-05T15:58:13" hostname="DESKTOP-T6BLNLD" time="0.031">
  <properties/>
  <testcase name="[1] olive, fish, pursuit, old, warning, python, java, coffee, cat, ray, [old, cat, ray]" classname="Tests" time="0.024"/>
  <testcase name="[2] spare, decrease, morning, article, chaos, orbit, acceptance, lodge, tournament, trade, [spare, chaos, orbit, lodge, trade]" classname="Tests" time="0.001"/>
  <testcase name="[3] Getting, up, at, dawn, is, for, the, birds, [up, at, is]" classname="Tests" time="0.001"/>
  <testcase name="[4] Today, I, will, go, home, [I]" classname="Tests" time="0.001"/>
  <system-out><![CDATA[]]></system-out>
  <system-err><![CDATA[]]></system-err>
</testsuite>
