<?xml version="1.0" encoding="UTF-8"?>
<testsuite name="Tests" tests="4" skipped="0" failures="0" errors="0" timestamp="2025-11-05T16:07:49" hostname="DESKTOP-T6BLNLD" time="0.033">
  <properties/>
  <testcase name="[1] [2, 1, 2, 4, 3], [1, 2, 2, 3, 4]" classname="Tests" time="0.025"/>
  <testcase name="[2] [5, 25, 6, 2, -5, 37, -3], [-5, -3, 2, 5, 6, 25, 37]" classname="Tests" time="0.001"/>
  <testcase name="[3] [14, 3, -9, 22, 0, -11, 5, 31], [-11, -9, 0, 3, 5, 14, 22, 31]" classname="Tests" time="0.001"/>
  <testcase name="[4] [-8, 12, 17, -4, 9, 20, -6, 28], [-8, -6, -4, 9, 12, 17, 20, 28]" classname="Tests" time="0.001"/>
  <system-out><![CDATA[]]></system-out>
  <system-err><![CDATA[]]></system-err>
</testsuite>
