<?xml version="1.0" encoding="UTF-8"?>
<testsuite name="Tests" tests="3" skipped="0" failures="0" errors="0" timestamp="2025-11-05T15:19:20" hostname="DESKTOP-T6BLNLD" time="0.036">
  <properties/>
  <testcase name="[1] 5, [5, *, 5, *, 5, =, 125]" classname="Tests" time="0.029"/>
  <testcase name="[2] 3, [3, *, 3, *, 3, =, 27]" classname="Tests" time="0.001"/>
  <testcase name="[3] 9, [9, *, 9, *, 9, =, 729]" classname="Tests" time="0.001"/>
  <system-out><![CDATA[]]></system-out>
  <system-err><![CDATA[]]></system-err>
</testsuite>
