<?xml version="1.0" encoding="UTF-8"?>
<testsuite name="Tests" tests="5" skipped="0" failures="0" errors="0" timestamp="2025-11-05T13:31:36" hostname="DESKTOP-T6BLNLD" time="0.042">
  <properties/>
  <testcase name="[1] [256], [13]" classname="Tests" time="0.028"/>
  <testcase name="[2] [789], [24]" classname="Tests" time="0.002"/>
  <testcase name="[3] [100], [1]" classname="Tests" time="0.001"/>
  <testcase name="[4] [999], [27]" classname="Tests" time="0.001"/>
  <testcase name="[5] [321], [6]" classname="Tests" time="0.001"/>
  <system-out><![CDATA[]]></system-out>
  <system-err><![CDATA[]]></system-err>
</testsuite>
