<?xml version="1.0" encoding="UTF-8"?>
<testsuite name="Tests" tests="4" skipped="0" failures="0" errors="0" timestamp="2025-11-05T13:43:57" hostname="DESKTOP-T6BLNLD" time="0.039">
  <properties/>
  <testcase name="[1] [50, 15], [15]" classname="Tests" time="0.027"/>
  <testcase name="[2] [93, 5], [1]" classname="Tests" time="0.002"/>
  <testcase name="[3] [66, 10], [10]" classname="Tests" time="0.001"/>
  <testcase name="[4] [101, 6], [2]" classname="Tests" time="0.002"/>
  <system-out><![CDATA[]]></system-out>
  <system-err><![CDATA[]]></system-err>
</testsuite>
