<?xml version="1.0" encoding="UTF-8"?>
<testsuite name="Tests" tests="3" skipped="0" failures="0" errors="0" timestamp="2025-11-05T15:17:06" hostname="DESKTOP-T6BLNLD" time="0.03">
  <properties/>
  <testcase name="[1] [6], [6, 3, 1, EXTINCT]" classname="Tests" time="0.025"/>
  <testcase name="[2] [20], [20, 10, 5, 2, 1, EXTINCT]" classname="Tests" time="0.001"/>
  <testcase name="[3] [124], [124, 62, 31, 15, 7, 3, 1, EXTINCT]" classname="Tests" time="0.0"/>
  <system-out><![CDATA[]]></system-out>
  <system-err><![CDATA[]]></system-err>
</testsuite>
