<?xml version="1.0" encoding="UTF-8"?>
<testsuite name="Tests" tests="3" skipped="0" failures="0" errors="0" timestamp="2025-11-05T16:01:22" hostname="DESKTOP-T6BLNLD" time="0.032">
  <properties/>
  <testcase name="[1] [1, 5, 5, 8, 6], false" classname="Tests" time="0.025"/>
  <testcase name="[2] [0, 0, 3, 5, 8], true" classname="Tests" time="0.001"/>
  <testcase name="[3] [1, 2, 5, 4], false" classname="Tests" time="0.001"/>
  <system-out><![CDATA[]]></system-out>
  <system-err><![CDATA[]]></system-err>
</testsuite>
