<?xml version="1.0" encoding="UTF-8"?>
<testsuite name="Tests" tests="4" skipped="0" failures="0" errors="0" timestamp="2025-11-05T16:07:15" hostname="DESKTOP-T6BLNLD" time="0.03">
  <properties/>
  <testcase name="[1] [20, 2, 5, -2, 8, -5], 5" classname="Tests" time="0.023"/>
  <testcase name="[2] [-2, -23, -9, 2, 7, 20], 2" classname="Tests" time="0.001"/>
  <testcase name="[3] [-2, -23, -9, 3, 7, 20], 0" classname="Tests" time="0.0"/>
  <testcase name="[4] [200, 20, 5, -201, -5, 8, -20, -8, -7, -19], 20" classname="Tests" time="0.001"/>
  <system-out><![CDATA[]]></system-out>
  <system-err><![CDATA[]]></system-err>
</testsuite>
