<?xml version="1.0" encoding="UTF-8"?>
<testsuite name="Tests" tests="4" skipped="0" failures="0" errors="0" timestamp="2025-11-05T13:55:17" hostname="DESKTOP-T6BLNLD" time="0.03">
  <properties/>
  <testcase name="[1] [1], [One, 1100]" classname="Tests" time="0.023"/>
  <testcase name="[2] [2], [Two, 1850]" classname="Tests" time="0.001"/>
  <testcase name="[3] [3], [Three, 2550]" classname="Tests" time="0.001"/>
  <testcase name="[4] [4], [Sorry, not]" classname="Tests" time="0.001"/>
  <system-out><![CDATA[]]></system-out>
  <system-err><![CDATA[]]></system-err>
</testsuite>
