<?xml version="1.0" encoding="UTF-8"?>
<testsuite name="Tests" tests="3" skipped="0" failures="0" errors="0" timestamp="2025-11-05T13:49:57" hostname="DESKTOP-T6BLNLD" time="0.031">
  <properties/>
  <testcase name="[1] [5, 15, 25], [15]" classname="Tests" time="0.025"/>
  <testcase name="[2] [43, 3, 98], [43]" classname="Tests" time="0.002"/>
  <testcase name="[3] [77, 15, 25], [25]" classname="Tests" time="0.001"/>
  <system-out><![CDATA[]]></system-out>
  <system-err><![CDATA[]]></system-err>
</testsuite>
