<?xml version="1.0" encoding="UTF-8"?>
<testsuite name="Tests" tests="4" skipped="0" failures="0" errors="0" timestamp="2025-11-05T15:53:33" hostname="DESKTOP-T6BLNLD" time="0.03">
  <properties/>
  <testcase name="[1] [5, 2, 1, 2, 3, 4], 3" classname="Tests" time="0.023"/>
  <testcase name="[2] [5, 1, 3, 5, 7, 9], 0" classname="Tests" time="0.002"/>
  <testcase name="[3] [6, 2, 12, 8, 30, 44, 62], 7" classname="Tests" time="0.001"/>
  <testcase name="[4] [3, 2, 7, 13], 1" classname="Tests" time="0.0"/>
  <system-out><![CDATA[]]></system-out>
  <system-err><![CDATA[]]></system-err>
</testsuite>
