<?xml version="1.0" encoding="UTF-8"?>
<testsuite name="Tests" tests="4" skipped="0" failures="0" errors="0" timestamp="2025-11-05T15:52:40" hostname="DESKTOP-T6BLNLD" time="0.029">
  <properties/>
  <testcase name="[1] [80.0, 88.0, 88.0, 84.0, 82.0, 78.0, 60.0, 68.0], 78.5" classname="Tests" time="0.021"/>
  <testcase name="[2] [75.0, 67.0, 65.0, 71.0, 62.0, 81.0, 74.0, 78.0], 71.625" classname="Tests" time="0.002"/>
  <testcase name="[3] [30.0, 45.0, 48.0, 36.0, 38.0, 46.0], 40.5" classname="Tests" time="0.0"/>
  <testcase name="[4] [104.0, 98.0, 94.0, 78.0, 91.0, 96.0], 93.5" classname="Tests" time="0.001"/>
  <system-out><![CDATA[]]></system-out>
  <system-err><![CDATA[]]></system-err>
</testsuite>
