<?xml version="1.0" encoding="UTF-8"?>
<testsuite name="Tests" tests="3" skipped="0" failures="0" errors="0" timestamp="2025-11-05T16:03:05" hostname="DESKTOP-T6BLNLD" time="0.028">
  <properties/>
  <testcase name="[1] [7, 7, 7], 7, 3" classname="Tests" time="0.023"/>
  <testcase name="[2] [9, 1], 3, 4" classname="Tests" time="0.001"/>
  <testcase name="[3] [100, 200, 10], 10, 31" classname="Tests" time="0.001"/>
  <system-out><![CDATA[]]></system-out>
  <system-err><![CDATA[]]></system-err>
</testsuite>
