<?xml version="1.0" encoding="UTF-8"?>
<testsuite name="Tests" tests="3" skipped="0" failures="0" errors="0" timestamp="2025-11-05T15:57:06" hostname="DESKTOP-T6BLNLD" time="0.028">
  <properties/>
  <testcase name="[1] [aaa, bbbbb, whasstupppp, longg, jaaaaavvaaaaaaaaaa], jaaaaavvaaaaaaaaaa" classname="Tests" time="0.022"/>
  <testcase name="[2] [five5, six666, one1111111111111, 2two, four4444], one1111111111111" classname="Tests" time="0.002"/>
  <testcase name="[3] [haircut, advertising, rehabilitation, taxi, video, encourage], rehabilitation" classname="Tests" time="0.001"/>
  <system-out><![CDATA[]]></system-out>
  <system-err><![CDATA[]]></system-err>
</testsuite>
