<?xml version="1.0" encoding="UTF-8"?>
<testsuite name="Tests" tests="4" skipped="0" failures="0" errors="0" timestamp="2025-11-05T15:21:45" hostname="DESKTOP-T6BLNLD" time="0.033">
  <properties/>
  <testcase name="[1] 1, 10, 10" classname="Tests" time="0.025"/>
  <testcase name="[2] 11, 5, 11" classname="Tests" time="0.001"/>
  <testcase name="[3] -5, 3, 3" classname="Tests" time="0.001"/>
  <testcase name="[4] 30, 30, 30" classname="Tests" time="0.001"/>
  <system-out><![CDATA[]]></system-out>
  <system-err><![CDATA[]]></system-err>
</testsuite>
