<?xml version="1.0" encoding="UTF-8"?>
<testsuite name="Tests" tests="10" skipped="0" failures="0" errors="0" timestamp="2025-11-05T15:23:39" hostname="DESKTOP-T6BLNLD" time="0.045">
  <properties/>
  <testcase name="[1] false, 2, 1, 2018, false" classname="Tests" time="0.025"/>
  <testcase name="[2] true, 2, 1, 2018, true" classname="Tests" time="0.001"/>
  <testcase name="[3] true, 2, 1, 2022, false" classname="Tests" time="0.001"/>
  <testcase name="[4] true, 7, 1, 2018, false" classname="Tests" time="0.001"/>
  <testcase name="[5] true, 5, 2, 2018, true" classname="Tests" time="0.001"/>
  <testcase name="[6] false, 5, 2, 2018, false" classname="Tests" time="0.001"/>
  <testcase name="[7] true, 3, 23, 2018, true" classname="Tests" time="0.001"/>
  <testcase name="[8] true, 12, 14, 2018, true" classname="Tests" time="0.0"/>
  <testcase name="[9] true, 12, 14, 2020, false" classname="Tests" time="0.0"/>
  <testcase name="[10] false, 12, 14, 2018, false" classname="Tests" time="0.001"/>
  <system-out><![CDATA[]]></system-out>
  <system-err><![CDATA[]]></system-err>
</testsuite>
