<?xml version="1.0" encoding="UTF-8"?>
<testsuite name="Tests" tests="4" skipped="0" failures="0" errors="0" timestamp="2025-11-05T13:27:25" hostname="DESKTOP-T6BLNLD" time="0.034">
  <properties/>
  <testcase name="[1] [100, 10], [100.0, 5.0, 10.0, 115.0]" classname="Tests" time="0.024"/>
  <testcase name="[2] [60, 15], [60.0, 3.0, 9.0, 72.0]" classname="Tests" time="0.002"/>
  <testcase name="[3] [75, 20], [75.0, 3.75, 15.0, 93.75]" classname="Tests" time="0.001"/>
  <testcase name="[4] [200, 5], [200.0, 10.0, 10.0, 220.0]" classname="Tests" time="0.0"/>
  <system-out><![CDATA[]]></system-out>
  <system-err><![CDATA[]]></system-err>
</testsuite>
