<?xml version="1.0" encoding="UTF-8"?>
<testsuite name="Tests" tests="4" skipped="0" failures="0" errors="0" timestamp="2025-11-05T15:39:12" hostname="DESKTOP-T6BLNLD" time="0.046">
  <properties/>
  <testcase name="[1] [13.3, i3, 4, HDD, 500, FULLHD], [$550.0]" classname="Tests" time="0.032"/>
  <testcase name="[2] [13.3, i3, 16, HDD, 500, FULLHD], [$700.0]" classname="Tests" time="0.004"/>
  <testcase name="[3] [17.3, i7, 8, SSD, 1000, FULLHD], [$1150.0]" classname="Tests" time="0.003"/>
  <testcase name="[4] [13.3, i7, 8, SSD, 1000, 4K], [$1050.0]" classname="Tests" time="0.002"/>
  <system-out><![CDATA[]]></system-out>
  <system-err><![CDATA[]]></system-err>
</testsuite>
