<?xml version="1.0" encoding="UTF-8"?>
<testsuite name="Tests" tests="5" skipped="0" failures="0" errors="0" timestamp="2025-11-05T13:31:10" hostname="DESKTOP-T6BLNLD" time="0.04">
  <properties/>
  <testcase name="[1] [5, 5], [25]" classname="Tests" time="0.026"/>
  <testcase name="[2] [10, 20], [200]" classname="Tests" time="0.002"/>
  <testcase name="[3] [3, 7], [21]" classname="Tests" time="0.001"/>
  <testcase name="[4] [0, 0], [0]" classname="Tests" time="0.001"/>
  <testcase name="[5] [15, 30], [450]" classname="Tests" time="0.001"/>
  <system-out><![CDATA[]]></system-out>
  <system-err><![CDATA[]]></system-err>
</testsuite>
