<?xml version="1.0" encoding="UTF-8"?>
<testsuite name="Tests" tests="4" skipped="0" failures="0" errors="0" timestamp="2025-11-05T13:37:17" hostname="DESKTOP-T6BLNLD" time="0.039">
  <properties/>
  <testcase name="[1] 15, 18" classname="Tests" time="0.027"/>
  <testcase name="[2] 5, 8" classname="Tests" time="0.002"/>
  <testcase name="[3] 100, 103" classname="Tests" time="0.001"/>
  <testcase name="[4] 3, 6" classname="Tests" time="0.001"/>
  <system-out><![CDATA[]]></system-out>
  <system-err><![CDATA[]]></system-err>
</testsuite>
