<?xml version="1.0" encoding="UTF-8"?>
<testsuite name="Tests" tests="3" skipped="0" failures="0" errors="0" timestamp="2025-11-05T15:55:06" hostname="DESKTOP-T6BLNLD" time="0.031">
  <properties/>
  <testcase name="[1] [2, 1, 2, 3, 4], 10, [2, 1, 2, 3, 4, 10]" classname="Tests" time="0.026"/>
  <testcase name="[2] [1, 3, 5, 7, 9], 21, [1, 3, 5, 7, 9, 21]" classname="Tests" time="0.001"/>
  <testcase name="[3] [7, 325, 4, 94, 15], 38, [7, 325, 4, 94, 15, 38]" classname="Tests" time="0.0"/>
  <system-out><![CDATA[]]></system-out>
  <system-err><![CDATA[]]></system-err>
</testsuite>
